# JRE version: OpenJDK Runtime Environment Homebrew (11.0.20.1) (build 11.0.20.1+0)
# Java VM: OpenJDK 64-Bit Server VM Homebrew (11.0.20.1+0, mixed mode, tiered, compressed oops, g1 gc, bsd-amd64)
Heap:
 garbage-first heap   total 262144K, used 24741K [0x00000007e0000000, 0x0000000800000000)
  region size 1024K, 8 young (8192K), 7 survivors (7168K)
 Metaspace       used 34617K, capacity 35614K, committed 35756K, reserved 415744K
  class space    used 4508K, capacity 4903K, committed 5036K, reserved 385024K
GC Heap History (10 events):
Event: 7.476 GC heap before
{Heap before GC invocations=0 (full 0):
 garbage-first heap   total 262144K, used 27648K [0x00000007e0000000, 0x0000000800000000)
  region size 1024K, 24 young (24576K), 0 survivors (0K)
 Metaspace       used 10159K, capacity 10409K, committed 10624K, reserved 395264K
  class space    used 1026K, capacity 1114K, committed 1152K, reserved 385024K
}
Event: 7.498 GC heap after
{Heap after GC invocations=1 (full 0):
 garbage-first heap   total 262144K, used 10696K [0x00000007e0000000, 0x0000000800000000)
  region size 1024K, 3 young (3072K), 3 survivors (3072K)
 Metaspace       used 10159K, capacity 10409K, committed 10624K, reserved 395264K
  class space    used 1026K, capacity 1114K, committed 1152K, reserved 385024K
}
Event: 21.025 GC heap before
{Heap before GC invocations=1 (full 0):
 garbage-first heap   total 262144K, used 92616K [0x00000007e0000000, 0x0000000800000000)
  region size 1024K, 83 young (84992K), 3 survivors (3072K)
 Metaspace       used 20713K, capacity 21140K, committed 21248K, reserved 405504K
  class space    used 2408K, capacity 2559K, committed 2560K, reserved 385024K
}
Event: 21.315 GC heap after
{Heap after GC invocations=2 (full 0):
 garbage-first heap   total 262144K, used 18423K [0x00000007e0000000, 0x0000000800000000)
  region size 1024K, 11 young (11264K), 11 survivors (11264K)
 Metaspace       used 20713K, capacity 21140K, committed 21248K, reserved 405504K
  class space    used 2408K, capacity 2559K, committed 2560K, reserved 385024K
}
Event: 26.084 GC heap before
{Heap before GC invocations=3 (full 0):
 garbage-first heap   total 262144K, used 38903K [0x00000007e0000000, 0x0000000800000000)
  region size 1024K, 31 young (31744K), 11 survivors (11264K)
 Metaspace       used 22570K, capacity 23163K, committed 23424K, reserved 405504K
  class space    used 2693K, capacity 2940K, committed 2944K, reserved 385024K
}
Event: 26.379 GC heap after
{Heap after GC invocations=4 (full 0):
 garbage-first heap   total 262144K, used 18848K [0x00000007e0000000, 0x0000000800000000)
  region size 1024K, 1 young (1024K), 1 survivors (1024K)
 Metaspace       used 22570K, capacity 23163K, committed 23424K, reserved 405504K
  class space    used 2693K, capacity 2940K, committed 2944K, reserved 385024K
}
Event: 41.814 GC heap before
{Heap before GC invocations=4 (full 0):
 garbage-first heap   total 262144K, used 98720K [0x00000007e0000000, 0x0000000800000000)
  region size 1024K, 80 young (81920K), 1 survivors (1024K)
 Metaspace       used 29127K, capacity 29851K, committed 30208K, reserved 411648K
  class space    used 3750K, capacity 4016K, committed 4096K, reserved 385024K
}
Event: 41.878 GC heap after
{Heap after GC invocations=5 (full 0):
 garbage-first heap   total 262144K, used 24045K [0x00000007e0000000, 0x0000000800000000)
  region size 1024K, 7 young (7168K), 7 survivors (7168K)
 Metaspace       used 29127K, capacity 29851K, committed 30208K, reserved 411648K
  class space    used 3750K, capacity 4016K, committed 4096K, reserved 385024K
}
Event: 46.808 GC heap before
{Heap before GC invocations=5 (full 0):
 garbage-first heap   total 262144K, used 81389K [0x00000007e0000000, 0x0000000800000000)
  region size 1024K, 64 young (65536K), 7 survivors (7168K)
 Metaspace       used 34617K, capacity 35582K, committed 35628K, reserved 415744K
  class space    used 4507K, capacity 4871K, committed 4908K, reserved 385024K
}
Event: 46.897 GC heap after
{Heap after GC invocations=6 (full 0):
 garbage-first heap   total 262144K, used 24741K [0x00000007e0000000, 0x0000000800000000)
  region size 1024K, 7 young (7168K), 7 survivors (7168K)
 Metaspace       used 34617K, capacity 35582K, committed 35628K, reserved 415744K
  class space    used 4507K, capacity 4871K, committed 4908K, reserved 385024K
}

