# JRE version: OpenJDK Runtime Environment Homebrew (11.0.20.1) (build 11.0.20.1+0)
# Java VM: OpenJDK 64-Bit Server VM Homebrew (11.0.20.1+0, mixed mode, tiered, compressed oops, g1 gc, bsd-amd64)
Heap:
 garbage-first heap   total 131072K, used 48987K [0x00000007a0000000, 0x0000000800000000)
  region size 1024K, 33 young (33792K), 2 survivors (2048K)
 Metaspace       used 26555K, capacity 27168K, committed 27520K, reserved 1073152K
  class space    used 3380K, capacity 3605K, committed 3712K, reserved 1048576K
GC Heap History (8 events):
Event: 1.034 GC heap before
{Heap before GC invocations=0 (full 0):
 garbage-first heap   total 131072K, used 27648K [0x00000007a0000000, 0x0000000800000000)
  region size 1024K, 24 young (24576K), 0 survivors (0K)
 Metaspace       used 10147K, capacity 10357K, committed 10624K, reserved 1058816K
  class space    used 1025K, capacity 1114K, committed 1152K, reserved 1048576K
}
Event: 1.045 GC heap after
{Heap after GC invocations=1 (full 0):
 garbage-first heap   total 131072K, used 10574K [0x00000007a0000000, 0x0000000800000000)
  region size 1024K, 3 young (3072K), 3 survivors (3072K)
 Metaspace       used 10147K, capacity 10357K, committed 10624K, reserved 1058816K
  class space    used 1025K, capacity 1114K, committed 1152K, reserved 1048576K
}
Event: 2.621 GC heap before
{Heap before GC invocations=1 (full 0):
 garbage-first heap   total 131072K, used 86350K [0x00000007a0000000, 0x0000000800000000)
  region size 1024K, 76 young (77824K), 3 survivors (3072K)
 Metaspace       used 19712K, capacity 20101K, committed 20352K, reserved 1067008K
  class space    used 2252K, capacity 2393K, committed 2432K, reserved 1048576K
}
Event: 2.637 GC heap after
{Heap after GC invocations=2 (full 0):
 garbage-first heap   total 131072K, used 18097K [0x00000007a0000000, 0x0000000800000000)
  region size 1024K, 10 young (10240K), 10 survivors (10240K)
 Metaspace       used 19712K, capacity 20101K, committed 20352K, reserved 1067008K
  class space    used 2252K, capacity 2393K, committed 2432K, reserved 1048576K
}
Event: 2.774 GC heap before
{Heap before GC invocations=2 (full 0):
 garbage-first heap   total 131072K, used 24241K [0x00000007a0000000, 0x0000000800000000)
  region size 1024K, 17 young (17408K), 10 survivors (10240K)
 Metaspace       used 20702K, capacity 21088K, committed 21248K, reserved 1069056K
  class space    used 2405K, capacity 2559K, committed 2560K, reserved 1048576K
}
Event: 2.790 GC heap after
{Heap after GC invocations=3 (full 0):
 garbage-first heap   total 131072K, used 18371K [0x00000007a0000000, 0x0000000800000000)
  region size 1024K, 1 young (1024K), 1 survivors (1024K)
 Metaspace       used 20702K, capacity 21088K, committed 21248K, reserved 1069056K
  class space    used 2405K, capacity 2559K, committed 2560K, reserved 1048576K
}
Event: 3.280 GC heap before
{Heap before GC invocations=4 (full 0):
 garbage-first heap   total 131072K, used 62403K [0x00000007a0000000, 0x0000000800000000)
  region size 1024K, 44 young (45056K), 1 survivors (1024K)
 Metaspace       used 24482K, capacity 25107K, committed 25344K, reserved 1071104K
  class space    used 3024K, capacity 3257K, committed 3328K, reserved 1048576K
}
Event: 3.284 GC heap after
{Heap after GC invocations=5 (full 0):
 garbage-first heap   total 131072K, used 19291K [0x00000007a0000000, 0x0000000800000000)
  region size 1024K, 2 young (2048K), 2 survivors (2048K)
 Metaspace       used 24482K, capacity 25107K, committed 25344K, reserved 1071104K
  class space    used 3024K, capacity 3257K, committed 3328K, reserved 1048576K
}

