# JRE version: OpenJDK Runtime Environment Homebrew (11.0.20.1) (build 11.0.20.1+0)
# Java VM: OpenJDK 64-Bit Server VM Homebrew (11.0.20.1+0, mixed mode, tiered, compressed oops, g1 gc, bsd-amd64)
Heap:
 garbage-first heap   total 262144K, used 48131K [0x00000007e0000000, 0x0000000800000000)
  region size 1024K, 31 young (31744K), 7 survivors (7168K)
 Metaspace       used 37427K, capacity 38472K, committed 38700K, reserved 419840K
  class space    used 4924K, capacity 5362K, committed 5420K, reserved 385024K
GC Heap History (12 events):
Event: 6.657 GC heap before
{Heap before GC invocations=0 (full 0):
 garbage-first heap   total 262144K, used 27648K [0x00000007e0000000, 0x0000000800000000)
  region size 1024K, 24 young (24576K), 0 survivors (0K)
 Metaspace       used 10169K, capacity 10417K, committed 10624K, reserved 395264K
  class space    used 1027K, capacity 1114K, committed 1152K, reserved 385024K
}
Event: 6.674 GC heap after
{Heap after GC invocations=1 (full 0):
 garbage-first heap   total 262144K, used 10467K [0x00000007e0000000, 0x0000000800000000)
  region size 1024K, 3 young (3072K), 3 survivors (3072K)
 Metaspace       used 10169K, capacity 10417K, committed 10624K, reserved 395264K
  class space    used 1027K, capacity 1114K, committed 1152K, reserved 385024K
}
Event: 11.141 GC heap before
{Heap before GC invocations=1 (full 0):
 garbage-first heap   total 262144K, used 34019K [0x00000007e0000000, 0x0000000800000000)
  region size 1024K, 26 young (26624K), 3 survivors (3072K)
 Metaspace       used 11419K, capacity 11599K, committed 11776K, reserved 397312K
  class space    used 1168K, capacity 1252K, committed 1280K, reserved 385024K
}
Event: 11.165 GC heap after
{Heap after GC invocations=2 (full 0):
 garbage-first heap   total 262144K, used 13501K [0x00000007e0000000, 0x0000000800000000)
  region size 1024K, 3 young (3072K), 3 survivors (3072K)
 Metaspace       used 11419K, capacity 11599K, committed 11776K, reserved 397312K
  class space    used 1168K, capacity 1252K, committed 1280K, reserved 385024K
}
Event: 22.412 GC heap before
{Heap before GC invocations=2 (full 0):
 garbage-first heap   total 262144K, used 67773K [0x00000007e0000000, 0x0000000800000000)
  region size 1024K, 55 young (56320K), 3 survivors (3072K)
 Metaspace       used 20077K, capacity 20448K, committed 20736K, reserved 403456K
  class space    used 2308K, capacity 2448K, committed 2560K, reserved 385024K
}
Event: 22.464 GC heap after
{Heap after GC invocations=3 (full 0):
 garbage-first heap   total 262144K, used 18086K [0x00000007e0000000, 0x0000000800000000)
  region size 1024K, 7 young (7168K), 7 survivors (7168K)
 Metaspace       used 20077K, capacity 20448K, committed 20736K, reserved 403456K
  class space    used 2308K, capacity 2448K, committed 2560K, reserved 385024K
}
Event: 24.872 GC heap before
{Heap before GC invocations=3 (full 0):
 garbage-first heap   total 262144K, used 22182K [0x00000007e0000000, 0x0000000800000000)
  region size 1024K, 12 young (12288K), 7 survivors (7168K)
 Metaspace       used 20706K, capacity 21085K, committed 21248K, reserved 405504K
  class space    used 2407K, capacity 2559K, committed 2560K, reserved 385024K
}
Event: 24.941 GC heap after
{Heap after GC invocations=4 (full 0):
 garbage-first heap   total 262144K, used 18565K [0x00000007e0000000, 0x0000000800000000)
  region size 1024K, 1 young (1024K), 1 survivors (1024K)
 Metaspace       used 20706K, capacity 21085K, committed 21248K, reserved 405504K
  class space    used 2407K, capacity 2559K, committed 2560K, reserved 385024K
}
Event: 34.611 GC heap before
{Heap before GC invocations=5 (full 0):
 garbage-first heap   total 262144K, used 80005K [0x00000007e0000000, 0x0000000800000000)
  region size 1024K, 61 young (62464K), 1 survivors (1024K)
 Metaspace       used 25676K, capacity 26286K, committed 26496K, reserved 409600K
  class space    used 3227K, capacity 3439K, committed 3456K, reserved 385024K
}
Event: 34.670 GC heap after
{Heap after GC invocations=6 (full 0):
 garbage-first heap   total 262144K, used 20222K [0x00000007e0000000, 0x0000000800000000)
  region size 1024K, 3 young (3072K), 3 survivors (3072K)
 Metaspace       used 25676K, capacity 26286K, committed 26496K, reserved 409600K
  class space    used 3227K, capacity 3439K, committed 3456K, reserved 385024K
}
Event: 45.813 GC heap before
{Heap before GC invocations=6 (full 0):
 garbage-first heap   total 262144K, used 113406K [0x00000007e0000000, 0x0000000800000000)
  region size 1024K, 96 young (98304K), 3 survivors (3072K)
 Metaspace       used 34599K, capacity 35524K, committed 35628K, reserved 415744K
  class space    used 4508K, capacity 4872K, committed 4908K, reserved 385024K
}
Event: 45.888 GC heap after
{Heap after GC invocations=7 (full 0):
 garbage-first heap   total 262144K, used 24579K [0x00000007e0000000, 0x0000000800000000)
  region size 1024K, 7 young (7168K), 7 survivors (7168K)
 Metaspace       used 34599K, capacity 35524K, committed 35628K, reserved 415744K
  class space    used 4508K, capacity 4872K, committed 4908K, reserved 385024K
}

