# JRE version: OpenJDK Runtime Environment Homebrew (11.0.20.1) (build 11.0.20.1+0)
# Java VM: OpenJDK 64-Bit Server VM Homebrew (11.0.20.1+0, mixed mode, tiered, compressed oops, g1 gc, bsd-amd64)
Heap:
 garbage-first heap   total 262144K, used 48977K [0x00000007e0000000, 0x0000000800000000)
  region size 1024K, 32 young (32768K), 7 survivors (7168K)
 Metaspace       used 37380K, capacity 38411K, committed 38700K, reserved 419840K
  class space    used 4926K, capacity 5362K, committed 5420K, reserved 385024K
GC Heap History (10 events):
Event: 4.844 GC heap before
{Heap before GC invocations=0 (full 0):
 garbage-first heap   total 262144K, used 27648K [0x00000007e0000000, 0x0000000800000000)
  region size 1024K, 24 young (24576K), 0 survivors (0K)
 Metaspace       used 10149K, capacity 10325K, committed 10624K, reserved 395264K
  class space    used 1020K, capacity 1082K, committed 1152K, reserved 385024K
}
Event: 4.871 GC heap after
{Heap after GC invocations=1 (full 0):
 garbage-first heap   total 262144K, used 10418K [0x00000007e0000000, 0x0000000800000000)
  region size 1024K, 3 young (3072K), 3 survivors (3072K)
 Metaspace       used 10149K, capacity 10325K, committed 10624K, reserved 395264K
  class space    used 1020K, capacity 1082K, committed 1152K, reserved 385024K
}
Event: 16.702 GC heap before
{Heap before GC invocations=1 (full 0):
 garbage-first heap   total 262144K, used 90290K [0x00000007e0000000, 0x0000000800000000)
  region size 1024K, 81 young (82944K), 3 survivors (3072K)
 Metaspace       used 20715K, capacity 21088K, committed 21248K, reserved 405504K
  class space    used 2409K, capacity 2559K, committed 2560K, reserved 385024K
}
Event: 16.778 GC heap after
{Heap after GC invocations=2 (full 0):
 garbage-first heap   total 262144K, used 18019K [0x00000007e0000000, 0x0000000800000000)
  region size 1024K, 11 young (11264K), 11 survivors (11264K)
 Metaspace       used 20715K, capacity 21088K, committed 21248K, reserved 405504K
  class space    used 2409K, capacity 2559K, committed 2560K, reserved 385024K
}
Event: 18.862 GC heap before
{Heap before GC invocations=3 (full 0):
 garbage-first heap   total 262144K, used 42595K [0x00000007e0000000, 0x0000000800000000)
  region size 1024K, 35 young (35840K), 11 survivors (11264K)
 Metaspace       used 22928K, capacity 23499K, committed 23808K, reserved 407552K
  class space    used 2762K, capacity 2979K, committed 3072K, reserved 385024K
}
Event: 18.930 GC heap after
{Heap after GC invocations=4 (full 0):
 garbage-first heap   total 262144K, used 19136K [0x00000007e0000000, 0x0000000800000000)
  region size 1024K, 2 young (2048K), 2 survivors (2048K)
 Metaspace       used 22928K, capacity 23499K, committed 23808K, reserved 407552K
  class space    used 2762K, capacity 2979K, committed 3072K, reserved 385024K
}
Event: 34.453 GC heap before
{Heap before GC invocations=4 (full 0):
 garbage-first heap   total 262144K, used 105152K [0x00000007e0000000, 0x0000000800000000)
  region size 1024K, 87 young (89088K), 2 survivors (2048K)
 Metaspace       used 31144K, capacity 31953K, committed 32000K, reserved 413696K
  class space    used 3992K, capacity 4339K, committed 4352K, reserved 385024K
}
Event: 34.572 GC heap after
{Heap after GC invocations=5 (full 0):
 garbage-first heap   total 262144K, used 23139K [0x00000007e0000000, 0x0000000800000000)
  region size 1024K, 6 young (6144K), 6 survivors (6144K)
 Metaspace       used 31144K, capacity 31953K, committed 32000K, reserved 413696K
  class space    used 3992K, capacity 4339K, committed 4352K, reserved 385024K
}
Event: 39.439 GC heap before
{Heap before GC invocations=5 (full 0):
 garbage-first heap   total 262144K, used 68195K [0x00000007e0000000, 0x0000000800000000)
  region size 1024K, 51 young (52224K), 6 survivors (6144K)
 Metaspace       used 34563K, capacity 35529K, committed 35628K, reserved 415744K
  class space    used 4510K, capacity 4872K, committed 4908K, reserved 385024K
}
Event: 39.481 GC heap after
{Heap after GC invocations=6 (full 0):
 garbage-first heap   total 262144K, used 24401K [0x00000007e0000000, 0x0000000800000000)
  region size 1024K, 7 young (7168K), 7 survivors (7168K)
 Metaspace       used 34563K, capacity 35529K, committed 35628K, reserved 415744K
  class space    used 4510K, capacity 4872K, committed 4908K, reserved 385024K
}

