# JRE version: OpenJDK Runtime Environment Homebrew (11.0.20.1) (build 11.0.20.1+0)
# Java VM: OpenJDK 64-Bit Server VM Homebrew (11.0.20.1+0, mixed mode, tiered, compressed oops, g1 gc, bsd-amd64)
Heap:
 garbage-first heap   total 262144K, used 96017K [0x00000007e0000000, 0x0000000800000000)
  region size 1024K, 79 young (80896K), 2 survivors (2048K)
 Metaspace       used 29745K, capacity 30430K, committed 30464K, reserved 411648K
  class space    used 3816K, capacity 4079K, committed 4096K, reserved 385024K
GC Heap History (6 events):
Event: 4.396 GC heap before
{Heap before GC invocations=0 (full 0):
 garbage-first heap   total 262144K, used 27648K [0x00000007e0000000, 0x0000000800000000)
  region size 1024K, 24 young (24576K), 0 survivors (0K)
 Metaspace       used 10166K, capacity 10417K, committed 10624K, reserved 395264K
  class space    used 1027K, capacity 1114K, committed 1152K, reserved 385024K
}
Event: 4.434 GC heap after
{Heap after GC invocations=1 (full 0):
 garbage-first heap   total 262144K, used 10665K [0x00000007e0000000, 0x0000000800000000)
  region size 1024K, 3 young (3072K), 3 survivors (3072K)
 Metaspace       used 10166K, capacity 10417K, committed 10624K, reserved 395264K
  class space    used 1027K, capacity 1114K, committed 1152K, reserved 385024K
}
Event: 17.672 GC heap before
{Heap before GC invocations=1 (full 0):
 garbage-first heap   total 262144K, used 91561K [0x00000007e0000000, 0x0000000800000000)
  region size 1024K, 82 young (83968K), 3 survivors (3072K)
 Metaspace       used 20708K, capacity 21084K, committed 21248K, reserved 405504K
  class space    used 2408K, capacity 2559K, committed 2560K, reserved 385024K
}
Event: 17.746 GC heap after
{Heap after GC invocations=2 (full 0):
 garbage-first heap   total 262144K, used 18174K [0x00000007e0000000, 0x0000000800000000)
  region size 1024K, 11 young (11264K), 11 survivors (11264K)
 Metaspace       used 20708K, capacity 21084K, committed 21248K, reserved 405504K
  class space    used 2408K, capacity 2559K, committed 2560K, reserved 385024K
}
Event: 20.337 GC heap before
{Heap before GC invocations=3 (full 0):
 garbage-first heap   total 262144K, used 37630K [0x00000007e0000000, 0x0000000800000000)
  region size 1024K, 31 young (31744K), 11 survivors (11264K)
 Metaspace       used 22627K, capacity 23232K, committed 23424K, reserved 405504K
  class space    used 2702K, capacity 2939K, committed 2944K, reserved 385024K
}
Event: 20.394 GC heap after
{Heap after GC invocations=4 (full 0):
 garbage-first heap   total 262144K, used 19217K [0x00000007e0000000, 0x0000000800000000)
  region size 1024K, 2 young (2048K), 2 survivors (2048K)
 Metaspace       used 22627K, capacity 23232K, committed 23424K, reserved 405504K
  class space    used 2702K, capacity 2939K, committed 2944K, reserved 385024K
}

