# JRE version: OpenJDK Runtime Environment Homebrew (11.0.20.1) (build 11.0.20.1+0)
# Java VM: OpenJDK 64-Bit Server VM Homebrew (11.0.20.1+0, mixed mode, tiered, compressed oops, g1 gc, bsd-amd64)
Heap:
 garbage-first heap   total 262144K, used 97954K [0x00000007e0000000, 0x0000000800000000)
  region size 1024K, 61 young (62464K), 13 survivors (13312K)
 Metaspace       used 61489K, capacity 63646K, committed 63872K, reserved 440320K
  class space    used 7940K, capacity 8710K, committed 8832K, reserved 385024K
GC Heap History (16 events):
Event: 1.096 GC heap before
{Heap before GC invocations=0 (full 0):
 garbage-first heap   total 262144K, used 27648K [0x00000007e0000000, 0x0000000800000000)
  region size 1024K, 24 young (24576K), 0 survivors (0K)
 Metaspace       used 10181K, capacity 10361K, committed 10624K, reserved 395264K
  class space    used 1025K, capacity 1114K, committed 1152K, reserved 385024K
}
Event: 1.111 GC heap after
{Heap after GC invocations=1 (full 0):
 garbage-first heap   total 262144K, used 10432K [0x00000007e0000000, 0x0000000800000000)
  region size 1024K, 3 young (3072K), 3 survivors (3072K)
 Metaspace       used 10181K, capacity 10361K, committed 10624K, reserved 395264K
  class space    used 1025K, capacity 1114K, committed 1152K, reserved 385024K
}
Event: 3.033 GC heap before
{Heap before GC invocations=1 (full 0):
 garbage-first heap   total 262144K, used 91328K [0x00000007e0000000, 0x0000000800000000)
  region size 1024K, 82 young (83968K), 3 survivors (3072K)
 Metaspace       used 20693K, capacity 21092K, committed 21248K, reserved 405504K
  class space    used 2406K, capacity 2559K, committed 2560K, reserved 385024K
}
Event: 3.067 GC heap after
{Heap after GC invocations=2 (full 0):
 garbage-first heap   total 262144K, used 17887K [0x00000007e0000000, 0x0000000800000000)
  region size 1024K, 11 young (11264K), 11 survivors (11264K)
 Metaspace       used 20693K, capacity 21092K, committed 21248K, reserved 405504K
  class space    used 2406K, capacity 2559K, committed 2560K, reserved 385024K
}
Event: 3.410 GC heap before
{Heap before GC invocations=3 (full 0):
 garbage-first heap   total 262144K, used 38367K [0x00000007e0000000, 0x0000000800000000)
  region size 1024K, 32 young (32768K), 11 survivors (11264K)
 Metaspace       used 22613K, capacity 23176K, committed 23424K, reserved 405504K
  class space    used 2714K, capacity 2939K, committed 2944K, reserved 385024K
}
Event: 3.422 GC heap after
{Heap after GC invocations=4 (full 0):
 garbage-first heap   total 262144K, used 18983K [0x00000007e0000000, 0x0000000800000000)
  region size 1024K, 2 young (2048K), 2 survivors (2048K)
 Metaspace       used 22613K, capacity 23176K, committed 23424K, reserved 405504K
  class space    used 2714K, capacity 2939K, committed 2944K, reserved 385024K
}
Event: 4.361 GC heap before
{Heap before GC invocations=4 (full 0):
 garbage-first heap   total 262144K, used 109095K [0x00000007e0000000, 0x0000000800000000)
  region size 1024K, 91 young (93184K), 2 survivors (2048K)
 Metaspace       used 31233K, capacity 32123K, committed 32256K, reserved 413696K
  class space    used 4004K, capacity 4345K, committed 4352K, reserved 385024K
}
Event: 4.366 GC heap after
{Heap after GC invocations=5 (full 0):
 garbage-first heap   total 262144K, used 23636K [0x00000007e0000000, 0x0000000800000000)
  region size 1024K, 6 young (6144K), 6 survivors (6144K)
 Metaspace       used 31233K, capacity 32123K, committed 32256K, reserved 413696K
  class space    used 4004K, capacity 4345K, committed 4352K, reserved 385024K
}
Event: 4.832 GC heap before
{Heap before GC invocations=5 (full 0):
 garbage-first heap   total 262144K, used 63572K [0x00000007e0000000, 0x0000000800000000)
  region size 1024K, 46 young (47104K), 6 survivors (6144K)
 Metaspace       used 34377K, capacity 35309K, committed 35584K, reserved 415744K
  class space    used 4479K, capacity 4834K, committed 4864K, reserved 385024K
}
Event: 4.841 GC heap after
{Heap after GC invocations=6 (full 0):
 garbage-first heap   total 262144K, used 24730K [0x00000007e0000000, 0x0000000800000000)
  region size 1024K, 7 young (7168K), 7 survivors (7168K)
 Metaspace       used 34377K, capacity 35309K, committed 35584K, reserved 415744K
  class space    used 4479K, capacity 4834K, committed 4864K, reserved 385024K
}
Event: 9.045 GC heap before
{Heap before GC invocations=7 (full 0):
 garbage-first heap   total 262144K, used 155802K [0x00000007e0000000, 0x0000000800000000)
  region size 1024K, 131 young (134144K), 7 survivors (7168K)
 Metaspace       used 47078K, capacity 48515K, committed 48768K, reserved 428032K
  class space    used 5994K, capacity 6522K, committed 6528K, reserved 385024K
}
Event: 9.064 GC heap after
{Heap after GC invocations=8 (full 0):
 garbage-first heap   total 262144K, used 33670K [0x00000007e0000000, 0x0000000800000000)
  region size 1024K, 16 young (16384K), 16 survivors (16384K)
 Metaspace       used 47078K, capacity 48515K, committed 48768K, reserved 428032K
  class space    used 5994K, capacity 6522K, committed 6528K, reserved 385024K
}
Event: 11.244 GC heap before
{Heap before GC invocations=8 (full 0):
 garbage-first heap   total 262144K, used 171910K [0x00000007e0000000, 0x0000000800000000)
  region size 1024K, 146 young (149504K), 16 survivors (16384K)
 Metaspace       used 55417K, capacity 57171K, committed 57344K, reserved 436224K
  class space    used 7021K, capacity 7609K, committed 7680K, reserved 385024K
}
Event: 11.291 GC heap after
{Heap after GC invocations=9 (full 0):
 garbage-first heap   total 262144K, used 45929K [0x00000007e0000000, 0x0000000800000000)
  region size 1024K, 18 young (18432K), 18 survivors (18432K)
 Metaspace       used 55417K, capacity 57171K, committed 57344K, reserved 436224K
  class space    used 7021K, capacity 7609K, committed 7680K, reserved 385024K
}
Event: 16.498 GC heap before
{Heap before GC invocations=9 (full 0):
 garbage-first heap   total 262144K, used 84841K [0x00000007e0000000, 0x0000000800000000)
  region size 1024K, 56 young (57344K), 18 survivors (18432K)
 Metaspace       used 57499K, capacity 59462K, committed 59520K, reserved 438272K
  class space    used 7315K, capacity 8021K, committed 8064K, reserved 385024K
}
Event: 16.532 GC heap after
{Heap after GC invocations=10 (full 0):
 garbage-first heap   total 262144K, used 49842K [0x00000007e0000000, 0x0000000800000000)
  region size 1024K, 13 young (13312K), 13 survivors (13312K)
 Metaspace       used 57499K, capacity 59462K, committed 59520K, reserved 438272K
  class space    used 7315K, capacity 8021K, committed 8064K, reserved 385024K
}

