# JRE version: OpenJDK Runtime Environment Homebrew (11.0.20.1) (build 11.0.20.1+0)
# Java VM: OpenJDK 64-Bit Server VM Homebrew (11.0.20.1+0, mixed mode, tiered, compressed oops, g1 gc, bsd-amd64)
Heap:
 garbage-first heap   total 262144K, used 47696K [0x00000007e0000000, 0x0000000800000000)
  region size 1024K, 30 young (30720K), 7 survivors (7168K)
 Metaspace       used 37417K, capacity 38462K, committed 38656K, reserved 419840K
  class space    used 4923K, capacity 5359K, committed 5376K, reserved 385024K
GC Heap History (10 events):
Event: 6.815 GC heap before
{Heap before GC invocations=0 (full 0):
 garbage-first heap   total 262144K, used 27648K [0x00000007e0000000, 0x0000000800000000)
  region size 1024K, 24 young (24576K), 0 survivors (0K)
 Metaspace       used 10178K, capacity 10417K, committed 10624K, reserved 395264K
  class space    used 1028K, capacity 1114K, committed 1152K, reserved 385024K
}
Event: 6.833 GC heap after
{Heap after GC invocations=1 (full 0):
 garbage-first heap   total 262144K, used 10892K [0x00000007e0000000, 0x0000000800000000)
  region size 1024K, 3 young (3072K), 3 survivors (3072K)
 Metaspace       used 10178K, capacity 10417K, committed 10624K, reserved 395264K
  class space    used 1028K, capacity 1114K, committed 1152K, reserved 385024K
}
Event: 24.813 GC heap before
{Heap before GC invocations=1 (full 0):
 garbage-first heap   total 262144K, used 91788K [0x00000007e0000000, 0x0000000800000000)
  region size 1024K, 82 young (83968K), 3 survivors (3072K)
 Metaspace       used 20754K, capacity 21148K, committed 21248K, reserved 405504K
  class space    used 2408K, capacity 2559K, committed 2560K, reserved 385024K
}
Event: 25.262 GC heap after
{Heap after GC invocations=2 (full 0):
 garbage-first heap   total 262144K, used 18591K [0x00000007e0000000, 0x0000000800000000)
  region size 1024K, 11 young (11264K), 11 survivors (11264K)
 Metaspace       used 20754K, capacity 21148K, committed 21248K, reserved 405504K
  class space    used 2408K, capacity 2559K, committed 2560K, reserved 385024K
}
Event: 30.935 GC heap before
{Heap before GC invocations=3 (full 0):
 garbage-first heap   total 262144K, used 56479K [0x00000007e0000000, 0x0000000800000000)
  region size 1024K, 48 young (49152K), 11 survivors (11264K)
 Metaspace       used 24009K, capacity 24618K, committed 24704K, reserved 407552K
  class space    used 2942K, capacity 3159K, committed 3200K, reserved 385024K
}
Event: 31.066 GC heap after
{Heap after GC invocations=4 (full 0):
 garbage-first heap   total 262144K, used 20038K [0x00000007e0000000, 0x0000000800000000)
  region size 1024K, 2 young (2048K), 2 survivors (2048K)
 Metaspace       used 24009K, capacity 24618K, committed 24704K, reserved 407552K
  class space    used 2942K, capacity 3159K, committed 3200K, reserved 385024K
}
Event: 45.005 GC heap before
{Heap before GC invocations=4 (full 0):
 garbage-first heap   total 262144K, used 104006K [0x00000007e0000000, 0x0000000800000000)
  region size 1024K, 85 young (87040K), 2 survivors (2048K)
 Metaspace       used 31803K, capacity 32635K, committed 32896K, reserved 413696K
  class space    used 4088K, capacity 4439K, committed 4480K, reserved 385024K
}
Event: 45.062 GC heap after
{Heap after GC invocations=5 (full 0):
 garbage-first heap   total 262144K, used 23879K [0x00000007e0000000, 0x0000000800000000)
  region size 1024K, 6 young (6144K), 6 survivors (6144K)
 Metaspace       used 31803K, capacity 32635K, committed 32896K, reserved 413696K
  class space    used 4088K, capacity 4439K, committed 4480K, reserved 385024K
}
Event: 47.247 GC heap before
{Heap before GC invocations=5 (full 0):
 garbage-first heap   total 262144K, used 55623K [0x00000007e0000000, 0x0000000800000000)
  region size 1024K, 38 young (38912K), 6 survivors (6144K)
 Metaspace       used 34589K, capacity 35505K, committed 35584K, reserved 415744K
  class space    used 4502K, capacity 4863K, committed 4864K, reserved 385024K
}
Event: 47.331 GC heap after
{Heap after GC invocations=6 (full 0):
 garbage-first heap   total 262144K, used 25168K [0x00000007e0000000, 0x0000000800000000)
  region size 1024K, 7 young (7168K), 7 survivors (7168K)
 Metaspace       used 34589K, capacity 35505K, committed 35584K, reserved 415744K
  class space    used 4502K, capacity 4863K, committed 4864K, reserved 385024K
}

