# JRE version: OpenJDK Runtime Environment Homebrew (11.0.20.1) (build 11.0.20.1+0)
# Java VM: OpenJDK 64-Bit Server VM Homebrew (11.0.20.1+0, mixed mode, tiered, compressed oops, g1 gc, bsd-amd64)
Heap:
 garbage-first heap   total 131072K, used 26847K [0x00000007a0000000, 0x0000000800000000)
  region size 1024K, 11 young (11264K), 6 survivors (6144K)
 Metaspace       used 29235K, capacity 29956K, committed 30208K, reserved 1075200K
  class space    used 3763K, capacity 4047K, committed 4096K, reserved 1048576K
GC Heap History (10 events):
Event: 6.461 GC heap before
{Heap before GC invocations=0 (full 0):
 garbage-first heap   total 131072K, used 27648K [0x00000007a0000000, 0x0000000800000000)
  region size 1024K, 24 young (24576K), 0 survivors (0K)
 Metaspace       used 10129K, capacity 10293K, committed 10624K, reserved 1058816K
  class space    used 1023K, capacity 1114K, committed 1152K, reserved 1048576K
}
Event: 6.495 GC heap after
{Heap after GC invocations=1 (full 0):
 garbage-first heap   total 131072K, used 10377K [0x00000007a0000000, 0x0000000800000000)
  region size 1024K, 3 young (3072K), 3 survivors (3072K)
 Metaspace       used 10129K, capacity 10293K, committed 10624K, reserved 1058816K
  class space    used 1023K, capacity 1114K, committed 1152K, reserved 1048576K
}
Event: 18.700 GC heap before
{Heap before GC invocations=1 (full 0):
 garbage-first heap   total 131072K, used 86153K [0x00000007a0000000, 0x0000000800000000)
  region size 1024K, 76 young (77824K), 3 survivors (3072K)
 Metaspace       used 19978K, capacity 20334K, committed 20608K, reserved 1067008K
  class space    used 2282K, capacity 2428K, committed 2432K, reserved 1048576K
}
Event: 18.805 GC heap after
{Heap after GC invocations=2 (full 0):
 garbage-first heap   total 131072K, used 17691K [0x00000007a0000000, 0x0000000800000000)
  region size 1024K, 10 young (10240K), 10 survivors (10240K)
 Metaspace       used 19978K, capacity 20334K, committed 20608K, reserved 1067008K
  class space    used 2282K, capacity 2428K, committed 2432K, reserved 1048576K
}
Event: 20.400 GC heap before
{Heap before GC invocations=2 (full 0):
 garbage-first heap   total 131072K, used 22811K [0x00000007a0000000, 0x0000000800000000)
  region size 1024K, 16 young (16384K), 10 survivors (10240K)
 Metaspace       used 20713K, capacity 21088K, committed 21248K, reserved 1069056K
  class space    used 2408K, capacity 2559K, committed 2560K, reserved 1048576K
}
Event: 20.452 GC heap after
{Heap after GC invocations=3 (full 0):
 garbage-first heap   total 131072K, used 18312K [0x00000007a0000000, 0x0000000800000000)
  region size 1024K, 1 young (1024K), 1 survivors (1024K)
 Metaspace       used 20713K, capacity 21088K, committed 21248K, reserved 1069056K
  class space    used 2408K, capacity 2559K, committed 2560K, reserved 1048576K
}
Event: 28.045 GC heap before
{Heap before GC invocations=4 (full 0):
 garbage-first heap   total 131072K, used 61320K [0x00000007a0000000, 0x0000000800000000)
  region size 1024K, 44 young (45056K), 1 survivors (1024K)
 Metaspace       used 24607K, capacity 25210K, committed 25344K, reserved 1071104K
  class space    used 3046K, capacity 3292K, committed 3328K, reserved 1048576K
}
Event: 28.113 GC heap after
{Heap after GC invocations=5 (full 0):
 garbage-first heap   total 131072K, used 19227K [0x00000007a0000000, 0x0000000800000000)
  region size 1024K, 2 young (2048K), 2 survivors (2048K)
 Metaspace       used 24607K, capacity 25210K, committed 25344K, reserved 1071104K
  class space    used 3046K, capacity 3292K, committed 3328K, reserved 1048576K
}
Event: 40.563 GC heap before
{Heap before GC invocations=5 (full 0):
 garbage-first heap   total 131072K, used 68379K [0x00000007a0000000, 0x0000000800000000)
  region size 1024K, 51 young (52224K), 2 survivors (2048K)
 Metaspace       used 28671K, capacity 29377K, committed 29696K, reserved 1075200K
  class space    used 3716K, capacity 3982K, committed 4096K, reserved 1048576K
}
Event: 40.601 GC heap after
{Heap after GC invocations=6 (full 0):
 garbage-first heap   total 131072K, used 22751K [0x00000007a0000000, 0x0000000800000000)
  region size 1024K, 6 young (6144K), 6 survivors (6144K)
 Metaspace       used 28671K, capacity 29377K, committed 29696K, reserved 1075200K
  class space    used 3716K, capacity 3982K, committed 4096K, reserved 1048576K
}

