# JRE version: OpenJDK Runtime Environment Homebrew (11.0.20.1) (build 11.0.20.1+0)
# Java VM: OpenJDK 64-Bit Server VM Homebrew (11.0.20.1+0, mixed mode, tiered, compressed oops, g1 gc, bsd-amd64)
Heap:
 garbage-first heap   total 262144K, used 48469K [0x00000007e0000000, 0x0000000800000000)
  region size 1024K, 31 young (31744K), 7 survivors (7168K)
 Metaspace       used 37421K, capacity 38479K, committed 38700K, reserved 419840K
  class space    used 4921K, capacity 5363K, committed 5420K, reserved 385024K
GC Heap History (10 events):
Event: 5.473 GC heap before
{Heap before GC invocations=0 (full 0):
 garbage-first heap   total 262144K, used 27648K [0x00000007e0000000, 0x0000000800000000)
  region size 1024K, 24 young (24576K), 0 survivors (0K)
 Metaspace       used 10111K, capacity 10325K, committed 10624K, reserved 395264K
  class space    used 1014K, capacity 1082K, committed 1152K, reserved 385024K
}
Event: 5.568 GC heap after
{Heap after GC invocations=1 (full 0):
 garbage-first heap   total 262144K, used 10655K [0x00000007e0000000, 0x0000000800000000)
  region size 1024K, 3 young (3072K), 3 survivors (3072K)
 Metaspace       used 10111K, capacity 10325K, committed 10624K, reserved 395264K
  class space    used 1014K, capacity 1082K, committed 1152K, reserved 385024K
}
Event: 18.745 GC heap before
{Heap before GC invocations=1 (full 0):
 garbage-first heap   total 262144K, used 92575K [0x00000007e0000000, 0x0000000800000000)
  region size 1024K, 84 young (86016K), 3 survivors (3072K)
 Metaspace       used 20737K, capacity 21152K, committed 21248K, reserved 405504K
  class space    used 2408K, capacity 2559K, committed 2560K, reserved 385024K
}
Event: 18.892 GC heap after
{Heap after GC invocations=2 (full 0):
 garbage-first heap   total 262144K, used 18513K [0x00000007e0000000, 0x0000000800000000)
  region size 1024K, 11 young (11264K), 11 survivors (11264K)
 Metaspace       used 20737K, capacity 21152K, committed 21248K, reserved 405504K
  class space    used 2408K, capacity 2559K, committed 2560K, reserved 385024K
}
Event: 24.873 GC heap before
{Heap before GC invocations=3 (full 0):
 garbage-first heap   total 262144K, used 71761K [0x00000007e0000000, 0x0000000800000000)
  region size 1024K, 63 young (64512K), 11 survivors (11264K)
 Metaspace       used 24897K, capacity 25498K, committed 25600K, reserved 407552K
  class space    used 3107K, capacity 3324K, committed 3328K, reserved 385024K
}
Event: 25.043 GC heap after
{Heap after GC invocations=4 (full 0):
 garbage-first heap   total 262144K, used 20498K [0x00000007e0000000, 0x0000000800000000)
  region size 1024K, 3 young (3072K), 3 survivors (3072K)
 Metaspace       used 24897K, capacity 25498K, committed 25600K, reserved 407552K
  class space    used 3107K, capacity 3324K, committed 3328K, reserved 385024K
}
Event: 41.839 GC heap before
{Heap before GC invocations=4 (full 0):
 garbage-first heap   total 262144K, used 108562K [0x00000007e0000000, 0x0000000800000000)
  region size 1024K, 90 young (92160K), 3 survivors (3072K)
 Metaspace       used 33295K, capacity 34124K, committed 34432K, reserved 415744K
  class space    used 4322K, capacity 4680K, committed 4736K, reserved 385024K
}
Event: 41.894 GC heap after
{Heap after GC invocations=5 (full 0):
 garbage-first heap   total 262144K, used 24566K [0x00000007e0000000, 0x0000000800000000)
  region size 1024K, 7 young (7168K), 7 survivors (7168K)
 Metaspace       used 33295K, capacity 34124K, committed 34432K, reserved 415744K
  class space    used 4322K, capacity 4680K, committed 4736K, reserved 385024K
}
Event: 43.530 GC heap before
{Heap before GC invocations=5 (full 0):
 garbage-first heap   total 262144K, used 40950K [0x00000007e0000000, 0x0000000800000000)
  region size 1024K, 24 young (24576K), 7 survivors (7168K)
 Metaspace       used 34637K, capacity 35532K, committed 35628K, reserved 415744K
  class space    used 4509K, capacity 4874K, committed 4908K, reserved 385024K
}
Event: 43.564 GC heap after
{Heap after GC invocations=6 (full 0):
 garbage-first heap   total 262144K, used 24917K [0x00000007e0000000, 0x0000000800000000)
  region size 1024K, 7 young (7168K), 7 survivors (7168K)
 Metaspace       used 34637K, capacity 35532K, committed 35628K, reserved 415744K
  class space    used 4509K, capacity 4874K, committed 4908K, reserved 385024K
}

